<?xml version="1.0" encoding="UTF-8"?>
<!-- Generated by org.testng.reporters.JUnitReportReporter -->
<testsuite hostname="DESKTOP-0IA6FMC" failures="0" tests="1" name="com.w2a.testcases.OpenAccountTest" time="2.792" errors="0" timestamp="21 Jan 2024 14:03:30 GMT" skipped="0">
  <testcase classname="com.w2a.testcases.OpenAccountTest" name="openAccountTest" time="2.792"/>
</testsuite> <!-- com.w2a.testcases.OpenAccountTest -->
