<?xml version="1.0" encoding="UTF-8"?>
<!-- Generated by org.testng.reporters.JUnitReportReporter -->
<testsuite hostname="DESKTOP-0IA6FMC" failures="0" tests="1" name="com.w2a.testcases.BankManagerLoginTest" time="4.013" errors="0" timestamp="21 Jan 2024 14:03:30 GMT" skipped="0">
  <testcase classname="com.w2a.testcases.BankManagerLoginTest" name="bankManagerLoginTest" time="4.013"/>
</testsuite> <!-- com.w2a.testcases.BankManagerLoginTest -->
